Power Analyzer report for Phase3
Fri Dec 22 10:04:35 2023
Quartus Prime Version 18.1.0 Build 625 09/12/2018 SJ Lite Edition


---------------------
; Table of Contents ;
---------------------
  1. Legal Notice
  2. Parallel Compilation
  3. Power Analyzer Summary
  4. Power Analyzer Settings
  5. Indeterminate Toggle Rates
  6. Operating Conditions Used
  7. Thermal Power Dissipation by Block
  8. Thermal Power Dissipation by Block Type
  9. Thermal Power Dissipation by Hierarchy
 10. Core Dynamic Thermal Power Dissipation by Clock Domain
 11. Current Drawn from Voltage Supplies Summary
 12. VCCIO Supply Current Drawn by I/O Bank
 13. VCCIO Supply Current Drawn by Voltage
 14. VCCPD Supply Current Drawn by I/O Bank
 15. VCCPD Supply Current Drawn by Voltage
 16. Confidence Metric Details
 17. Signal Activities
 18. Power Analyzer Messages



----------------
; Legal Notice ;
----------------
Copyright (C) 2018  Intel Corporation. All rights reserved.
Your use of Intel Corporation's design tools, logic functions 
and other software and tools, and its AMPP partner logic 
functions, and any output files from any of the foregoing 
(including device programming or simulation files), and any 
associated documentation or information are expressly subject 
to the terms and conditions of the Intel Program License 
Subscription Agreement, the Intel Quartus Prime License Agreement,
the Intel FPGA IP License Agreement, or other applicable license
agreement, including, without limitation, that your use is for
the sole purpose of programming logic devices manufactured by
Intel and sold by Intel or its authorized distributors.  Please
refer to the applicable agreement for further details.



+------------------------------------------+
; Parallel Compilation                     ;
+----------------------------+-------------+
; Processors                 ; Number      ;
+----------------------------+-------------+
; Number detected on machine ; 12          ;
; Maximum allowed            ; 6           ;
;                            ;             ;
; Average used               ; 1.21        ;
; Maximum used               ; 6           ;
;                            ;             ;
; Usage by Processor         ; % Time Used ;
;     Processor 1            ; 100.0%      ;
;     Processor 2            ;   4.3%      ;
;     Processor 3            ;   4.3%      ;
;     Processor 4            ;   4.3%      ;
;     Processor 5            ;   4.3%      ;
;     Processor 6            ;   4.3%      ;
+----------------------------+-------------+


+-------------------------------------------------------------------------------------------+
; Power Analyzer Summary                                                                    ;
+----------------------------------------+--------------------------------------------------+
; Power Analyzer Status                  ; Successful - Fri Dec 22 10:04:35 2023            ;
; Quartus Prime Version                  ; 18.1.0 Build 625 09/12/2018 SJ Lite Edition      ;
; Revision Name                          ; Phase3                                           ;
; Top-level Entity Name                  ; TopWiMax_wrapper                                 ;
; Family                                 ; Cyclone V                                        ;
; Device                                 ; 5CEBA4F23C7                                      ;
; Power Models                           ; Final                                            ;
; Total Thermal Power Dissipation        ; 205.93 mW                                        ;
; Core Dynamic Thermal Power Dissipation ; 4.00 mW                                          ;
; Core Static Thermal Power Dissipation  ; 197.71 mW                                        ;
; I/O Thermal Power Dissipation          ; 4.22 mW                                          ;
; Power Estimation Confidence            ; Low: user provided insufficient toggle rate data ;
+----------------------------------------+--------------------------------------------------+


+--------------------------------------------------------------------------------------------------------------------------+
; Power Analyzer Settings                                                                                                  ;
+------------------------------------------------------------------+---------------------------------------+---------------+
; Option                                                           ; Setting                               ; Default Value ;
+------------------------------------------------------------------+---------------------------------------+---------------+
; Use smart compilation                                            ; Off                                   ; Off           ;
; Enable parallel Assembler and Timing Analyzer during compilation ; On                                    ; On            ;
; Enable compact report table                                      ; Off                                   ; Off           ;
; Default Power Input I/O Toggle Rate                              ; 12.5%                                 ; 12.5%         ;
; Preset Cooling Solution                                          ; 23 MM HEAT SINK WITH 200 LFPM AIRFLOW ;               ;
; Board thermal model                                              ; None (CONSERVATIVE)                   ;               ;
; Default Power Toggle Rate                                        ; 12.5%                                 ; 12.5%         ;
; Use vectorless estimation                                        ; On                                    ; On            ;
; Use Input Files                                                  ; Off                                   ; Off           ;
; Filter Glitches in VCD File Reader                               ; On                                    ; On            ;
; Power Analyzer Report Signal Activity                            ; Off                                   ; Off           ;
; Power Analyzer Report Power Dissipation                          ; Off                                   ; Off           ;
; Device Power Characteristics                                     ; TYPICAL                               ; TYPICAL       ;
; Automatically Compute Junction Temperature                       ; On                                    ; On            ;
; Specified Junction Temperature                                   ; 25                                    ; 25            ;
; Ambient Temperature                                              ; 25                                    ; 25            ;
; Use Custom Cooling Solution                                      ; Off                                   ; Off           ;
; Board Temperature                                                ; 25                                    ; 25            ;
; Enable HPS                                                       ; Off                                   ; Off           ;
; Processor Frequency                                              ; 0.0                                   ; 0.0           ;
+------------------------------------------------------------------+---------------------------------------+---------------+


+--------------------------------------------------+
; Indeterminate Toggle Rates                       ;
+--------------------+-----------------------------+
; Node               ; Reason                      ;
+--------------------+-----------------------------+
; reset~inputCLKENA0 ; No valid clock domain found ;
+--------------------+-----------------------------+


+-------------------------------------------------------------------------+
; Operating Conditions Used                                               ;
+---------------------------------------------+---------------------------+
; Setting                                     ; Value                     ;
+---------------------------------------------+---------------------------+
; Device power characteristics                ; Typical                   ;
;                                             ;                           ;
; Voltages                                    ;                           ;
;     VCC                                     ; 1.10 V                    ;
;     VCCA_FPLL                               ; 2.50 V                    ;
;     VCCPGM                                  ; 1.80 V                    ;
;     VCCBAT                                  ; 1.20 V                    ;
;     VCCE_GXB                                ; 1.10 V                    ;
;     VCCL_GXB                                ; 1.10 V                    ;
;     VCCH_GXB                                ; 2.50 V                    ;
;     VCCAUX                                  ; 2.50 V                    ;
;     2.5 V I/O Standard                      ; 2.5 V                     ;
;                                             ;                           ;
; Auto computed junction temperature          ; 26.6 degrees Celsius      ;
;     Ambient temperature                     ; 25.0 degrees Celsius      ;
;     Junction-to-Case thermal resistance     ; 4.20 degrees Celsius/Watt ;
;     Case-to-Heat Sink thermal resistance    ; 0.10 degrees Celsius/Watt ;
;     Heat Sink-to-Ambient thermal resistance ; 3.50 degrees Celsius/Watt ;
;                                             ;                           ;
; Board model used                            ; None                      ;
+---------------------------------------------+---------------------------+


+----------------------------------------------------------------------------------------------------------------------------------------------+
; Thermal Power Dissipation by Block                                                                                                           ;
+------------+------------+---------------------+-----------------------------+--------------------------------+-------------------------------+
; Block Name ; Block Type ; Total Thermal Power ; Block Thermal Dynamic Power ; Block Thermal Static Power (1) ; Routing Thermal Dynamic Power ;
+------------+------------+---------------------+-----------------------------+--------------------------------+-------------------------------+
(1) The "Thermal Power Dissipation by Block" Table has been hidden. To show this table, please select the "Write power dissipation by block to report file" option under "PowerPlay Power Analyzer Settings".


+-------------------------------------------------------------------------------------------------------------------------------------------------------------------------------------------------------------------+
; Thermal Power Dissipation by Block Type                                                                                                                                                                           ;
+--------------------+-----------------------------------+-----------------------------+--------------------------------+-------------------------------+-----------------------------------------------------------+
; Block Type         ; Total Thermal Power by Block Type ; Block Thermal Dynamic Power ; Block Thermal Static Power (1) ; Routing Thermal Dynamic Power ; Block Average Toggle Rate (millions of transitions / sec) ;
+--------------------+-----------------------------------+-----------------------------+--------------------------------+-------------------------------+-----------------------------------------------------------+
; M10K block         ; 0.89 mW                           ; 0.89 mW                     ; --                             ; 0.00 mW                       ;    3.125                                                  ;
; Combinational cell ; 0.57 mW                           ; 0.34 mW                     ; --                             ; 0.23 mW                       ;    5.164                                                  ;
; Clock enable block ; 1.49 mW                           ; 0.00 mW                     ; --                             ; 1.49 mW                       ;   66.667                                                  ;
; Register cell      ; 0.90 mW                           ; 0.44 mW                     ; --                             ; 0.46 mW                       ;    6.250                                                  ;
; I/O                ; 1.28 mW                           ; 0.95 mW                     ; 0.31 mW                        ; 0.01 mW                       ;   17.188                                                  ;
; PLL                ; 0.13 mW                           ; 0.13 mW                     ; --                             ; 0.00 mW                       ;    2.155                                                  ;
+--------------------+-----------------------------------+-----------------------------+--------------------------------+-------------------------------+-----------------------------------------------------------+
(1) The "Block Thermal Static Power" for all block types except Pins and the Voltage Regulator, if one exists, is part of the "Core Static Thermal Power Dissipation" value found on the PowerPlay Power Analyzer-->Summary report panel. The "Core Static Thermal Power Dissipation" also contains the thermal static power dissipated by the routing.


+--------------------------------------------------------------------------------------------------------------------------------------------------------------------------------------------------------------------------------------------------------------------------------------------------------------------------------------------------+
; Thermal Power Dissipation by Hierarchy                                                                                                                                                                                                                                                                                                           ;
+-----------------------------------------------------+--------------------------------------+---------------------------------+-----------------------------------+-----------------------------------+-------------------------------------------------------------------------------------------------------------------------------------------+
; Compilation Hierarchy Node                          ; Total Thermal Power by Hierarchy (1) ; Block Thermal Dynamic Power (1) ; Block Thermal Static Power (1)(2) ; Routing Thermal Dynamic Power (1) ; Full Hierarchy Name                                                                                                                       ;
+-----------------------------------------------------+--------------------------------------+---------------------------------+-----------------------------------+-----------------------------------+-------------------------------------------------------------------------------------------------------------------------------------------+
; |TopWiMax_wrapper                                   ; 5.27 mW (1.98 mW)                    ; 2.76 mW (1.32 mW)               ; 0.31 mW (0.31 mW)                 ; 2.20 mW (0.35 mW)                 ; |TopWiMax_wrapper                                                                                                                         ;
;     |hard_block:auto_generated_inst                 ; 0.00 mW (0.00 mW)                    ; 0.00 mW (0.00 mW)               ; --                                ; 0.00 mW (0.00 mW)                 ; |TopWiMax_wrapper|hard_block:auto_generated_inst                                                                                          ;
;     |PLL_main:pll1_wrap                             ; 1.62 mW (0.00 mW)                    ; 0.13 mW (0.00 mW)               ; --                                ; 1.49 mW (0.00 mW)                 ; |TopWiMax_wrapper|PLL_main:pll1_wrap                                                                                                      ;
;         |PLL_main_0002:pll_main_inst                ; 1.62 mW (0.00 mW)                    ; 0.13 mW (0.00 mW)               ; --                                ; 1.49 mW (0.00 mW)                 ; |TopWiMax_wrapper|PLL_main:pll1_wrap|PLL_main_0002:pll_main_inst                                                                          ;
;             |altera_pll:altera_pll_i                ; 1.62 mW (1.62 mW)                    ; 0.13 mW (0.13 mW)               ; --                                ; 1.49 mW (1.49 mW)                 ; |TopWiMax_wrapper|PLL_main:pll1_wrap|PLL_main_0002:pll_main_inst|altera_pll:altera_pll_i                                                  ;
;     |TopWiMax_3:twimax_wrap                         ; 1.66 mW (0.00 mW)                    ; 1.31 mW (0.00 mW)               ; --                                ; 0.36 mW (0.00 mW)                 ; |TopWiMax_wrapper|TopWiMax_3:twimax_wrap                                                                                                  ;
;         |FEC:fec1                                   ; 0.87 mW (0.43 mW)                    ; 0.66 mW (0.21 mW)               ; --                                ; 0.22 mW (0.22 mW)                 ; |TopWiMax_wrapper|TopWiMax_3:twimax_wrap|FEC:fec1                                                                                         ;
;             |FEC_RAM_2PORTS:ram1                    ; 0.44 mW (0.00 mW)                    ; 0.44 mW (0.00 mW)               ; --                                ; 0.00 mW (0.00 mW)                 ; |TopWiMax_wrapper|TopWiMax_3:twimax_wrap|FEC:fec1|FEC_RAM_2PORTS:ram1                                                                     ;
;                 |altsyncram:altsyncram_component    ; 0.44 mW (0.00 mW)                    ; 0.44 mW (0.00 mW)               ; --                                ; 0.00 mW (0.00 mW)                 ; |TopWiMax_wrapper|TopWiMax_3:twimax_wrap|FEC:fec1|FEC_RAM_2PORTS:ram1|altsyncram:altsyncram_component                                     ;
;                     |altsyncram_1014:auto_generated ; 0.44 mW (0.44 mW)                    ; 0.44 mW (0.44 mW)               ; --                                ; 0.00 mW (0.00 mW)                 ; |TopWiMax_wrapper|TopWiMax_3:twimax_wrap|FEC:fec1|FEC_RAM_2PORTS:ram1|altsyncram:altsyncram_component|altsyncram_1014:auto_generated      ;
;         |INTER:inter1                               ; 0.64 mW (0.19 mW)                    ; 0.55 mW (0.11 mW)               ; --                                ; 0.08 mW (0.08 mW)                 ; |TopWiMax_wrapper|TopWiMax_3:twimax_wrap|INTER:inter1                                                                                     ;
;             |INTER_RAM_2PORT:ram2                   ; 0.45 mW (0.00 mW)                    ; 0.44 mW (0.00 mW)               ; --                                ; 0.00 mW (0.00 mW)                 ; |TopWiMax_wrapper|TopWiMax_3:twimax_wrap|INTER:inter1|INTER_RAM_2PORT:ram2                                                                ;
;                 |altsyncram:altsyncram_component    ; 0.45 mW (0.00 mW)                    ; 0.44 mW (0.00 mW)               ; --                                ; 0.00 mW (0.00 mW)                 ; |TopWiMax_wrapper|TopWiMax_3:twimax_wrap|INTER:inter1|INTER_RAM_2PORT:ram2|altsyncram:altsyncram_component                                ;
;                     |altsyncram_9014:auto_generated ; 0.45 mW (0.45 mW)                    ; 0.44 mW (0.44 mW)               ; --                                ; 0.00 mW (0.00 mW)                 ; |TopWiMax_wrapper|TopWiMax_3:twimax_wrap|INTER:inter1|INTER_RAM_2PORT:ram2|altsyncram:altsyncram_component|altsyncram_9014:auto_generated ;
;         |MODU:modu1                                 ; 0.03 mW (0.03 mW)                    ; 0.02 mW (0.02 mW)               ; --                                ; 0.01 mW (0.01 mW)                 ; |TopWiMax_wrapper|TopWiMax_3:twimax_wrap|MODU:modu1                                                                                       ;
;         |randi:RANDI1                               ; 0.12 mW (0.12 mW)                    ; 0.08 mW (0.08 mW)               ; --                                ; 0.05 mW (0.05 mW)                 ; |TopWiMax_wrapper|TopWiMax_3:twimax_wrap|randi:RANDI1                                                                                     ;
+-----------------------------------------------------+--------------------------------------+---------------------------------+-----------------------------------+-----------------------------------+-------------------------------------------------------------------------------------------------------------------------------------------+
(1) Value in parentheses is the power consumed at that level of hierarchy. Value not in parentheses is the power consumed at that level of hierarchy plus the power consumed by all levels of hierarchy below it.

(2) The "Block Thermal Static Power" for all levels of hierarchy except the top-level hierarchy is part of the "Core Static Thermal Power Dissipation" value found on the PowerPlay Power Analyzer-->Summary report panel. The "Core Static Thermal Power Dissipation" also contains the thermal static power dissipated by the routing.


+--------------------------------------------------------------------+
; Core Dynamic Thermal Power Dissipation by Clock Domain             ;
+-----------------+-----------------------+--------------------------+
; Clock Domain    ; Clock Frequency (MHz) ; Total Core Dynamic Power ;
+-----------------+-----------------------+--------------------------+
; CLK_50Mhzs      ; 50.00                 ; 3.01                     ;
; No clock domain ; 0.00                  ; 1.00                     ;
+-----------------+-----------------------+--------------------------+


+------------------------------------------------------------------------------------------------------------------------------------+
; Current Drawn from Voltage Supplies Summary                                                                                        ;
+----------------+-------------------------+---------------------------+--------------------------+----------------------------------+
; Voltage Supply ; Total Current Drawn (1) ; Dynamic Current Drawn (1) ; Static Current Drawn (1) ; Minimum Power Supply Current (2) ;
+----------------+-------------------------+---------------------------+--------------------------+----------------------------------+
; VCC            ; 35.90 mA                ; 3.65 mA                   ; 32.25 mA                 ; 35.90 mA                         ;
; VCCIO          ; 0.58 mA                 ; 0.20 mA                   ; 0.39 mA                  ; 0.58 mA                          ;
; VCCPD          ; 0.92 mA                 ; 0.11 mA                   ; 0.81 mA                  ; 0.92 mA                          ;
; VCCA_FPLL      ; 2.09 mA                 ; 0.04 mA                   ; 2.05 mA                  ; 2.09 mA                          ;
; VCCPGM         ; 0.80 mA                 ; 0.00 mA                   ; 0.80 mA                  ; 0.80 mA                          ;
; VCCBAT         ; 0.00 mA                 ; 0.00 mA                   ; 0.00 mA                  ; 0.00 mA                          ;
; VCCE_GXB       ; 0.00 mA                 ; 0.00 mA                   ; 0.00 mA                  ; 0.00 mA                          ;
; VCCL_GXB       ; 0.00 mA                 ; 0.00 mA                   ; 0.00 mA                  ; 0.00 mA                          ;
; VCCH_GXB       ; 0.00 mA                 ; 0.00 mA                   ; 0.00 mA                  ; 0.00 mA                          ;
; VCCAUX         ; 62.37 mA                ; 0.00 mA                   ; 62.37 mA                 ; 62.37 mA                         ;
+----------------+-------------------------+---------------------------+--------------------------+----------------------------------+
(1) Currents reported in columns "Total Current Drawn", "Dynamic Current Drawn", and "Static Current Drawn" are sufficient for user operation of the device.  
(2) Currents reported in column "Minimum Power Supply Current" do not include transient power-up currents. For transient power-up currents, see the device family datasheet, errata sheet, and/or ES guidelines document, as appropriate. 


+-----------------------------------------------------------------------------------------------+
; VCCIO Supply Current Drawn by I/O Bank                                                        ;
+----------+---------------+---------------------+-----------------------+----------------------+
; I/O Bank ; VCCIO Voltage ; Total Current Drawn ; Dynamic Current Drawn ; Static Current Drawn ;
+----------+---------------+---------------------+-----------------------+----------------------+
; 1A       ; --            ; --                  ; --                    ; --                   ;
; 2A       ; 2.5V          ; 0.23 mA             ; 0.17 mA               ; 0.05 mA              ;
; 3A       ; 2.5V          ; 0.05 mA             ; 0.00 mA               ; 0.05 mA              ;
; 3B       ; 2.5V          ; 0.07 mA             ; 0.02 mA               ; 0.05 mA              ;
; 4A       ; 2.5V          ; 0.05 mA             ; 0.00 mA               ; 0.05 mA              ;
; 5A       ; 2.5V          ; 0.05 mA             ; 0.00 mA               ; 0.05 mA              ;
; 5B       ; 2.5V          ; 0.05 mA             ; 0.00 mA               ; 0.05 mA              ;
; 6A       ; --            ; --                  ; --                    ; --                   ;
; 7A       ; 2.5V          ; 0.05 mA             ; 0.00 mA               ; 0.05 mA              ;
; 8A       ; 2.5V          ; 0.05 mA             ; 0.00 mA               ; 0.05 mA              ;
; 9A       ; --            ; --                  ; --                    ; --                   ;
+----------+---------------+---------------------+-----------------------+----------------------+


+-----------------------------------------------------------------------------------------------------------------------------------+
; VCCIO Supply Current Drawn by Voltage                                                                                             ;
+---------------+-------------------------+---------------------------+--------------------------+----------------------------------+
; VCCIO Voltage ; Total Current Drawn (1) ; Dynamic Current Drawn (1) ; Static Current Drawn (1) ; Minimum Power Supply Current (2) ;
+---------------+-------------------------+---------------------------+--------------------------+----------------------------------+
; 2.5V          ; 0.58 mA                 ; 0.20 mA                   ; 0.39 mA                  ; 0.58 mA                          ;
+---------------+-------------------------+---------------------------+--------------------------+----------------------------------+
(1) Currents reported in columns "Total Current Drawn", "Dynamic Current Drawn", and "Static Current Drawn" are sufficient for user operation of the device.  
(2) Currents reported in column "Minimum Power Supply Current" do not include transient power-up currents. For transient power-up currents, see the device family datasheet, errata sheet, and/or ES guidelines document, as appropriate. 


+-----------------------------------------------------------------------------------------------+
; VCCPD Supply Current Drawn by I/O Bank                                                        ;
+----------+---------------+---------------------+-----------------------+----------------------+
; I/O Bank ; VCCPD Voltage ; Total Current Drawn ; Dynamic Current Drawn ; Static Current Drawn ;
+----------+---------------+---------------------+-----------------------+----------------------+
; 1A       ; 2.5V          ; 0.00 mA             ; 0.00 mA               ; 0.00 mA              ;
; 2A       ; 2.5V          ; 0.21 mA             ; 0.11 mA               ; 0.10 mA              ;
; 3A       ; 2.5V          ; 0.10 mA             ; 0.00 mA               ; 0.10 mA              ;
; 3B       ; 2.5V          ; 0.11 mA             ; 0.00 mA               ; 0.10 mA              ;
; 4A       ; 2.5V          ; 0.10 mA             ; 0.00 mA               ; 0.10 mA              ;
; 5A       ; 2.5V          ; 0.10 mA             ; 0.00 mA               ; 0.10 mA              ;
; 5B       ; 2.5V          ; 0.10 mA             ; 0.00 mA               ; 0.10 mA              ;
; 6A       ; --            ; --                  ; --                    ; --                   ;
; 7A       ; 2.5V          ; 0.10 mA             ; 0.00 mA               ; 0.10 mA              ;
; 8A       ; 2.5V          ; 0.10 mA             ; 0.00 mA               ; 0.10 mA              ;
; 9A       ; --            ; --                  ; --                    ; --                   ;
+----------+---------------+---------------------+-----------------------+----------------------+


+-----------------------------------------------------------------------------------------------------------------------------------+
; VCCPD Supply Current Drawn by Voltage                                                                                             ;
+---------------+-------------------------+---------------------------+--------------------------+----------------------------------+
; VCCPD Voltage ; Total Current Drawn (1) ; Dynamic Current Drawn (1) ; Static Current Drawn (1) ; Minimum Power Supply Current (2) ;
+---------------+-------------------------+---------------------------+--------------------------+----------------------------------+
; 2.5V          ; 0.92 mA                 ; 0.11 mA                   ; 0.81 mA                  ; 0.92 mA                          ;
+---------------+-------------------------+---------------------------+--------------------------+----------------------------------+
(1) Currents reported in columns "Total Current Drawn", "Dynamic Current Drawn", and "Static Current Drawn" are sufficient for user operation of the device.  
(2) Currents reported in column "Minimum Power Supply Current" do not include transient power-up currents. For transient power-up currents, see the device family datasheet, errata sheet, and/or ES guidelines document, as appropriate. 


+--------------------------------------------------------------------------------------------------------------------------------------------------+
; Confidence Metric Details                                                                                                                        ;
+----------------------------------------------------------------------------------------+--------------+-----------+--------------+---------------+
; Data Source                                                                            ; Total        ; Pin       ; Registered   ; Combinational ;
+----------------------------------------------------------------------------------------+--------------+-----------+--------------+---------------+
; Simulation (from file)                                                                 ;              ;           ;              ;               ;
;     -- Number of signals with Toggle Rate from Simulation                              ; 0 (0.0%)     ; 0 (0.0%)  ; 0 (0.0%)     ; 0 (0.0%)      ;
;     -- Number of signals with Static Probability from Simulation                       ; 0 (0.0%)     ; 0 (0.0%)  ; 0 (0.0%)     ; 0 (0.0%)      ;
;                                                                                        ;              ;           ;              ;               ;
; Node, entity or clock assignment                                                       ;              ;           ;              ;               ;
;     -- Number of signals with Toggle Rate from Node, entity or clock assignment        ; 3 (0.2%)     ; 1 (12.5%) ; 0 (0.0%)     ; 2 (0.2%)      ;
;     -- Number of signals with Static Probability from Node, entity or clock assignment ; 4 (0.3%)     ; 1 (12.5%) ; 0 (0.0%)     ; 3 (0.3%)      ;
;                                                                                        ;              ;           ;              ;               ;
; Vectorless estimation                                                                  ;              ;           ;              ;               ;
;     -- Number of signals with Toggle Rate from Vectorless estimation                   ; 1399 (98.9%) ; 5 (62.5%) ; 408 (100.0%) ; 986 (98.8%)   ;
;     -- Number of signals with Zero toggle rate, from Vectorless estimation             ; 46 (3.3%)    ; 0 (0.0%)  ; 0 (0.0%)     ; 46 (4.6%)     ;
;     -- Number of signals with Static Probability from Vectorless estimation            ; 1398 (98.9%) ; 5 (62.5%) ; 408 (100.0%) ; 985 (98.7%)   ;
;                                                                                        ;              ;           ;              ;               ;
; Default assignment                                                                     ;              ;           ;              ;               ;
;     -- Number of signals with Toggle Rate from Default assignment                      ; 12 (0.8%)    ; 2 (25.0%) ; 0 (0.0%)     ; 10 (1.0%)     ;
;     -- Number of signals with Static Probability from Default assignment               ; 12 (0.8%)    ; 2 (25.0%) ; 0 (0.0%)     ; 10 (1.0%)     ;
;                                                                                        ;              ;           ;              ;               ;
; Assumed 0                                                                              ;              ;           ;              ;               ;
;     -- Number of signals with Toggle Rate assumed 0                                    ; 0 (0.0%)     ; 0 (0.0%)  ; 0 (0.0%)     ; 0 (0.0%)      ;
+----------------------------------------------------------------------------------------+--------------+-----------+--------------+---------------+


+---------------------------------------------------------------------------------------------------------------------------------------------+
; Signal Activities                                                                                                                           ;
+--------+------+---------------------------------------------+-------------------------+--------------------+--------------------------------+
; Signal ; Type ; Toggle Rate (millions of transitions / sec) ; Toggle Rate Data Source ; Static Probability ; Static Probability Data Source ;
+--------+------+---------------------------------------------+-------------------------+--------------------+--------------------------------+
(1) The "Signal Activity" Table has been hidden. To show this table, please select the "Write signal activities to report file" option under "PowerPlay Power Analyzer Settings".


+-------------------------+
; Power Analyzer Messages ;
+-------------------------+
Info: *******************************************************************
Info: Running Quartus Prime Power Analyzer
    Info: Version 18.1.0 Build 625 09/12/2018 SJ Lite Edition
    Info: Processing started: Fri Dec 22 10:04:30 2023
Info: Command: quartus_pow --read_settings_files=off --write_settings_files=off Phase3 -c Phase3
Warning (18236): Number of processors has not been specified which may cause overloading on shared machines.  Set the global assignment NUM_PARALLEL_PROCESSORS in your QSF to an appropriate value for best performance.
Info (21077): Low junction temperature is 0 degrees C
Info (21077): High junction temperature is 85 degrees C
Info (332104): Reading SDC File: 'constraint.sdc'
Info (332097): The following timing edges are non-unate.  The Timing Analyzer will assume pos-unate behavior for these edges in the clock network.
    Info (332098): Cell: pll1_wrap|pll_main_inst|altera_pll_i|general[0].gpll~FRACTIONAL_PLL  from: refclkin  to: fbclk
    Info (332098): Cell: pll1_wrap|pll_main_inst|altera_pll_i|general[0].gpll~PLL_OUTPUT_COUNTER  from: vco0ph[0]  to: divclk
    Info (332098): Cell: pll1_wrap|pll_main_inst|altera_pll_i|general[0].gpll~PLL_REFCLK_SELECT  from: clkin[0]  to: clkout
    Info (332098): Cell: pll1_wrap|pll_main_inst|altera_pll_i|general[1].gpll~PLL_OUTPUT_COUNTER  from: vco0ph[0]  to: divclk
Info (332143): No user constrained clock uncertainty found in the design. Calling "derive_clock_uncertainty"
Info (332123): Deriving Clock Uncertainty. Please refer to report_sdc in the Timing Analyzer to see clock uncertainties.
Warning (332056): PLL cross checking found inconsistent PLL clock settings:
    Warning (332056): Node: pll1_wrap|pll_main_inst|altera_pll_i|general[0].gpll~FRACTIONAL_PLL|vcoph[0] was found missing 1 generated clock that corresponds to a base clock with a period of: 20.000
Warning (332061): Virtual clock CLK_50Mhz_sig is never referenced in any input or output delay assignment.
Warning (332061): Virtual clock clk_100mhz_sig is never referenced in any input or output delay assignment.
Info (223000): Starting Vectorless Power Activity Estimation
Warning (222013): Relative toggle rates could not be calculated because no clock domain could be identified for some nodes
Info (223001): Completed Vectorless Power Activity Estimation
Info (218000): Using Advanced I/O Power to simulate I/O buffers with the specified board trace model
Info (334003): Started post-fitting delay annotation
Info (334004): Delay annotation completed successfully
Info (215049): Average toggle rate for this design is 5.614 millions of transitions / sec
Info (215031): Total thermal power estimate for the design is 205.93 mW
Info: Quartus Prime Power Analyzer was successful. 0 errors, 6 warnings
    Info: Peak virtual memory: 5212 megabytes
    Info: Processing ended: Fri Dec 22 10:04:35 2023
    Info: Elapsed time: 00:00:05
    Info: Total CPU time (on all processors): 00:00:03


